<?xml version="1.0" encoding="UTF-8"?>
<testsuite name="Cucumber" time="293.181" tests="11" skipped="0" failures="5" errors="0">
<testcase classname="01_To Check the 1-2 Taste EU Application Login Functionality" name="Verify user can log in with valid credentials" time="10.363">
<system-out><![CDATA[
Given the user is on the login page.........................................passed
When the user enters a valid email..........................................passed
And the user enters a valid password........................................passed
And the user clicks the login button........................................passed
Then the user should be redirected to the dashboard.........................passed
]]></system-out>
</testcase>
<testcase classname="02_To Check the 1-2 Taste site Update account information in &quot;My Account&quot; section" name="User successfully updates account details" time="8.21">
<failure type="org.openqa.selenium.ElementClickInterceptedException" message="element click intercepted: Element &lt;a href=&quot;https://www.12taste.com/my-account/edit-account/&quot; class=&quot;nav-link&quot;&gt;...&lt;/a&gt; is not clickable at point (275, 567). Other element would receive the click: &lt;div class=&quot;cky-notice-group&quot;&gt;...&lt;/div&gt;
  (Session info: chrome=136.0.7103.114)
Build info: version: '4.21.0', revision: '79ed462ef4'
System info: os.name: 'Windows 11', os.arch: 'amd64', os.version: '10.0', java.version: '23.0.2'
Driver info: org.openqa.selenium.chrome.ChromeDriver
Command: [31d0d95fde5fa259a703deea3fca398c, clickElement {id=f.D53B0F8B44E0B3BD38BEBB692C848DAA.d.F41CA5BF08142E061BFD5A5B4D1F0E95.e.113}]
Capabilities {acceptInsecureCerts: false, browserName: chrome, browserVersion: 136.0.7103.114, chrome: {chromedriverVersion: 136.0.7103.113 (76fa3c17824..., userDataDir: C:\Users\Lenovo\AppData\Loc...}, fedcm:accounts: true, goog:chromeOptions: {debuggerAddress: localhost:53338}, networkConnectionEnabled: false, pageLoadStrategy: normal, platformName: windows, proxy: Proxy(), se:cdp: ws://localhost:53338/devtoo..., se:cdpVersion: 136.0.7103.114, setWindowRect: true, strictFileInteractability: false, timeouts: {implicit: 0, pageLoad: 300000, script: 30000}, unhandledPromptBehavior: dismiss and notify, webauthn:extension:credBlob: true, webauthn:extension:largeBlob: true, webauthn:extension:minPinLength: true, webauthn:extension:prf: true, webauthn:virtualAuthenticators: true}
Element: [[ChromeDriver: chrome on windows (31d0d95fde5fa259a703deea3fca398c)] -&gt; xpath: //a[normalize-space()='Account details']]
Session ID: 31d0d95fde5fa259a703deea3fca398c">
<![CDATA[org.openqa.selenium.ElementClickInterceptedException: element click intercepted: Element <a href="https://www.12taste.com/my-account/edit-account/" class="nav-link">...</a> is not clickable at point (275, 567). Other element would receive the click: <div class="cky-notice-group">...</div>
  (Session info: chrome=136.0.7103.114)
Build info: version: '4.21.0', revision: '79ed462ef4'
System info: os.name: 'Windows 11', os.arch: 'amd64', os.version: '10.0', java.version: '23.0.2'
Driver info: org.openqa.selenium.chrome.ChromeDriver
Command: [31d0d95fde5fa259a703deea3fca398c, clickElement {id=f.D53B0F8B44E0B3BD38BEBB692C848DAA.d.F41CA5BF08142E061BFD5A5B4D1F0E95.e.113}]
Capabilities {acceptInsecureCerts: false, browserName: chrome, browserVersion: 136.0.7103.114, chrome: {chromedriverVersion: 136.0.7103.113 (76fa3c17824..., userDataDir: C:\Users\Lenovo\AppData\Loc...}, fedcm:accounts: true, goog:chromeOptions: {debuggerAddress: localhost:53338}, networkConnectionEnabled: false, pageLoadStrategy: normal, platformName: windows, proxy: Proxy(), se:cdp: ws://localhost:53338/devtoo..., se:cdpVersion: 136.0.7103.114, setWindowRect: true, strictFileInteractability: false, timeouts: {implicit: 0, pageLoad: 300000, script: 30000}, unhandledPromptBehavior: dismiss and notify, webauthn:extension:credBlob: true, webauthn:extension:largeBlob: true, webauthn:extension:minPinLength: true, webauthn:extension:prf: true, webauthn:virtualAuthenticators: true}
Element: [[ChromeDriver: chrome on windows (31d0d95fde5fa259a703deea3fca398c)] -> xpath: //a[normalize-space()='Account details']]
Session ID: 31d0d95fde5fa259a703deea3fca398c
	at java.base/jdk.internal.reflect.DirectConstructorHandleAccessor.newInstance(DirectConstructorHandleAccessor.java:62)
	at java.base/java.lang.reflect.Constructor.newInstanceWithCaller(Constructor.java:501)
	at java.base/java.lang.reflect.Constructor.newInstance(Constructor.java:485)
	at org.openqa.selenium.remote.ErrorCodec.decode(ErrorCodec.java:167)
	at org.openqa.selenium.remote.codec.w3c.W3CHttpResponseCodec.decode(W3CHttpResponseCodec.java:138)
	at org.openqa.selenium.remote.codec.w3c.W3CHttpResponseCodec.decode(W3CHttpResponseCodec.java:50)
	at org.openqa.selenium.remote.HttpCommandExecutor.execute(HttpCommandExecutor.java:190)
	at org.openqa.selenium.remote.service.DriverCommandExecutor.invokeExecute(DriverCommandExecutor.java:216)
	at org.openqa.selenium.remote.service.DriverCommandExecutor.execute(DriverCommandExecutor.java:174)
	at org.openqa.selenium.remote.RemoteWebDriver.execute(RemoteWebDriver.java:518)
	at org.openqa.selenium.remote.RemoteWebElement.execute(RemoteWebElement.java:223)
	at org.openqa.selenium.remote.RemoteWebElement.click(RemoteWebElement.java:76)
	at org.base.BaseClass.clickElement(BaseClass.java:50)
	at org.pages.Accountdetails.actdetailspage(Accountdetails.java:37)
	at org.stepdefinitions.AccountDetails.user_should_logged_in_to_the_application(AccountDetails.java:24)
	at ✽.User should logged in to the application(file:///C:/Users/Lenovo/eclipse-workspace/12TasteEU/src/test/resources/FeatureFiles/02_AccountDetails.feature:4)
]]>
</failure>
<system-out><![CDATA[
Given User should logged in to the application..............................failed
When User enter new data with first name,last name, display name, email address, new password, and confirm password.skipped
And User click the save changes button......................................skipped
Then User should see a success message saying...............................skipped
]]></system-out>
</testcase>
<testcase classname="02_To Check the 1-2 Taste site Update account information in &quot;My Account&quot; section" name="User fails to update account with mismatched passwords" time="10.293">
<system-out><![CDATA[
Given User logged in to the application.....................................passed
When User enter new data with first name,last name, display name, mail address, new password, and confirm password.passed
And User click the save changes button1.....................................passed
Then User should see an error message saying................................passed
]]></system-out>
</testcase>
<testcase classname="02_To Check the 1-2 Taste site Update account information in &quot;My Account&quot; section" name="User updates account without changing password" time="11.559">
<system-out><![CDATA[
Given User log in to the application........................................passed
When User enter new data with first name,last name, display name, email address, new pass, and confirm pass.passed
And User click the save changes button2.....................................passed
Then User should see an error msg saying....................................passed
]]></system-out>
</testcase>
<testcase classname="03_Address Management for Billing and Shipping" name="Add/Edit a Billing address and ensure successful update" time="7.887">
<failure type="org.openqa.selenium.ElementClickInterceptedException" message="element click intercepted: Element &lt;a href=&quot;https://www.12taste.com/my-account/edit-address/&quot; class=&quot;nav-link&quot;&gt;...&lt;/a&gt; is not clickable at point (275, 526). Other element would receive the click: &lt;p&gt;...&lt;/p&gt;
  (Session info: chrome=136.0.7103.114)
Build info: version: '4.21.0', revision: '79ed462ef4'
System info: os.name: 'Windows 11', os.arch: 'amd64', os.version: '10.0', java.version: '23.0.2'
Driver info: org.openqa.selenium.chrome.ChromeDriver
Command: [2f8e9132e397781a6962f786075d9223, clickElement {id=f.3128FBBDD7D79E7C0346DB14281DE8ED.d.894FD30DD63BFBED9230F8396DFA185C.e.110}]
Capabilities {acceptInsecureCerts: false, browserName: chrome, browserVersion: 136.0.7103.114, chrome: {chromedriverVersion: 136.0.7103.113 (76fa3c17824..., userDataDir: C:\Users\Lenovo\AppData\Loc...}, fedcm:accounts: true, goog:chromeOptions: {debuggerAddress: localhost:53555}, networkConnectionEnabled: false, pageLoadStrategy: normal, platformName: windows, proxy: Proxy(), se:cdp: ws://localhost:53555/devtoo..., se:cdpVersion: 136.0.7103.114, setWindowRect: true, strictFileInteractability: false, timeouts: {implicit: 0, pageLoad: 300000, script: 30000}, unhandledPromptBehavior: dismiss and notify, webauthn:extension:credBlob: true, webauthn:extension:largeBlob: true, webauthn:extension:minPinLength: true, webauthn:extension:prf: true, webauthn:virtualAuthenticators: true}
Element: [[ChromeDriver: chrome on windows (2f8e9132e397781a6962f786075d9223)] -&gt; xpath: //*[@id=&quot;top-tab&quot;]/li[5]/a]
Session ID: 2f8e9132e397781a6962f786075d9223">
<![CDATA[org.openqa.selenium.ElementClickInterceptedException: element click intercepted: Element <a href="https://www.12taste.com/my-account/edit-address/" class="nav-link">...</a> is not clickable at point (275, 526). Other element would receive the click: <p>...</p>
  (Session info: chrome=136.0.7103.114)
Build info: version: '4.21.0', revision: '79ed462ef4'
System info: os.name: 'Windows 11', os.arch: 'amd64', os.version: '10.0', java.version: '23.0.2'
Driver info: org.openqa.selenium.chrome.ChromeDriver
Command: [2f8e9132e397781a6962f786075d9223, clickElement {id=f.3128FBBDD7D79E7C0346DB14281DE8ED.d.894FD30DD63BFBED9230F8396DFA185C.e.110}]
Capabilities {acceptInsecureCerts: false, browserName: chrome, browserVersion: 136.0.7103.114, chrome: {chromedriverVersion: 136.0.7103.113 (76fa3c17824..., userDataDir: C:\Users\Lenovo\AppData\Loc...}, fedcm:accounts: true, goog:chromeOptions: {debuggerAddress: localhost:53555}, networkConnectionEnabled: false, pageLoadStrategy: normal, platformName: windows, proxy: Proxy(), se:cdp: ws://localhost:53555/devtoo..., se:cdpVersion: 136.0.7103.114, setWindowRect: true, strictFileInteractability: false, timeouts: {implicit: 0, pageLoad: 300000, script: 30000}, unhandledPromptBehavior: dismiss and notify, webauthn:extension:credBlob: true, webauthn:extension:largeBlob: true, webauthn:extension:minPinLength: true, webauthn:extension:prf: true, webauthn:virtualAuthenticators: true}
Element: [[ChromeDriver: chrome on windows (2f8e9132e397781a6962f786075d9223)] -> xpath: //*[@id="top-tab"]/li[5]/a]
Session ID: 2f8e9132e397781a6962f786075d9223
	at java.base/jdk.internal.reflect.DirectConstructorHandleAccessor.newInstance(DirectConstructorHandleAccessor.java:62)
	at java.base/java.lang.reflect.Constructor.newInstanceWithCaller(Constructor.java:501)
	at java.base/java.lang.reflect.Constructor.newInstance(Constructor.java:485)
	at org.openqa.selenium.remote.ErrorCodec.decode(ErrorCodec.java:167)
	at org.openqa.selenium.remote.codec.w3c.W3CHttpResponseCodec.decode(W3CHttpResponseCodec.java:138)
	at org.openqa.selenium.remote.codec.w3c.W3CHttpResponseCodec.decode(W3CHttpResponseCodec.java:50)
	at org.openqa.selenium.remote.HttpCommandExecutor.execute(HttpCommandExecutor.java:190)
	at org.openqa.selenium.remote.service.DriverCommandExecutor.invokeExecute(DriverCommandExecutor.java:216)
	at org.openqa.selenium.remote.service.DriverCommandExecutor.execute(DriverCommandExecutor.java:174)
	at org.openqa.selenium.remote.RemoteWebDriver.execute(RemoteWebDriver.java:518)
	at org.openqa.selenium.remote.RemoteWebElement.execute(RemoteWebElement.java:223)
	at org.openqa.selenium.remote.RemoteWebElement.click(RemoteWebElement.java:76)
	at org.base.BaseClass.clickElement(BaseClass.java:50)
	at org.pages.AddressManagementPage.clickaddress(AddressManagementPage.java:84)
	at org.stepdefinitions.AddressManagementSteps.user_navigates_to_the_billing_address_page(AddressManagementSteps.java:28)
	at ✽.User clicks on the Address menu and navigates to the Billing Address page(file:///C:/Users/Lenovo/eclipse-workspace/12TasteEU/src/test/resources/FeatureFiles/03_Address_Management.feature:5)
]]>
</failure>
<system-out><![CDATA[
Given User is logged in to the application and is redirected to the dashboard.passed
When User clicks on the Address menu and navigates to the Billing Address page.failed
And User fills in the Billing Address fields with valid data................skipped
And User clicks the Save Address button.....................................skipped
Then User should see a confirmation message.................................skipped
]]></system-out>
</testcase>
<testcase classname="03_Address Management for Billing and Shipping" name="Add/Edit a Shipping address and ensure successful update" time="13.97">
<system-out><![CDATA[
Given User is logged in to the application and is redirected to the dashboard.passed
When User clicks on the Address menu and navigates to the Shipping Address page.passed
And User fills in the Shipping Address fields with valid data...............passed
And User clicks the Save Address button.....................................passed
Then User should see the confirmation message...............................passed
]]></system-out>
</testcase>
<testcase classname="04_To Check the 1-2 Taste Application Search Functionality" name="Search for a valid product and apply random filters" time="2.245">
<failure type="org.openqa.selenium.ElementNotInteractableException" message="element not interactable
  (Session info: chrome=136.0.7103.114)
Build info: version: '4.21.0', revision: '79ed462ef4'
System info: os.name: 'Windows 11', os.arch: 'amd64', os.version: '10.0', java.version: '23.0.2'
Driver info: org.openqa.selenium.chrome.ChromeDriver
Command: [38e32a26867af5d1b3354c4f0579f145, clearElement {id=f.2A2F309B96AEE2EBD265311083EC7F3B.d.1A30011EA32BBC497EA2AE8C3F1800AA.e.4}]
Capabilities {acceptInsecureCerts: false, browserName: chrome, browserVersion: 136.0.7103.114, chrome: {chromedriverVersion: 136.0.7103.113 (76fa3c17824..., userDataDir: C:\Users\Lenovo\AppData\Loc...}, fedcm:accounts: true, goog:chromeOptions: {debuggerAddress: localhost:53702}, networkConnectionEnabled: false, pageLoadStrategy: normal, platformName: windows, proxy: Proxy(), se:cdp: ws://localhost:53702/devtoo..., se:cdpVersion: 136.0.7103.114, setWindowRect: true, strictFileInteractability: false, timeouts: {implicit: 0, pageLoad: 300000, script: 30000}, unhandledPromptBehavior: dismiss and notify, webauthn:extension:credBlob: true, webauthn:extension:largeBlob: true, webauthn:extension:minPinLength: true, webauthn:extension:prf: true, webauthn:virtualAuthenticators: true}
Element: [[ChromeDriver: chrome on windows (38e32a26867af5d1b3354c4f0579f145)] -&gt; xpath: //input[contains(@class, 'dgwt-wcas-search-input')]]
Session ID: 38e32a26867af5d1b3354c4f0579f145">
<![CDATA[org.openqa.selenium.ElementNotInteractableException: element not interactable
  (Session info: chrome=136.0.7103.114)
Build info: version: '4.21.0', revision: '79ed462ef4'
System info: os.name: 'Windows 11', os.arch: 'amd64', os.version: '10.0', java.version: '23.0.2'
Driver info: org.openqa.selenium.chrome.ChromeDriver
Command: [38e32a26867af5d1b3354c4f0579f145, clearElement {id=f.2A2F309B96AEE2EBD265311083EC7F3B.d.1A30011EA32BBC497EA2AE8C3F1800AA.e.4}]
Capabilities {acceptInsecureCerts: false, browserName: chrome, browserVersion: 136.0.7103.114, chrome: {chromedriverVersion: 136.0.7103.113 (76fa3c17824..., userDataDir: C:\Users\Lenovo\AppData\Loc...}, fedcm:accounts: true, goog:chromeOptions: {debuggerAddress: localhost:53702}, networkConnectionEnabled: false, pageLoadStrategy: normal, platformName: windows, proxy: Proxy(), se:cdp: ws://localhost:53702/devtoo..., se:cdpVersion: 136.0.7103.114, setWindowRect: true, strictFileInteractability: false, timeouts: {implicit: 0, pageLoad: 300000, script: 30000}, unhandledPromptBehavior: dismiss and notify, webauthn:extension:credBlob: true, webauthn:extension:largeBlob: true, webauthn:extension:minPinLength: true, webauthn:extension:prf: true, webauthn:virtualAuthenticators: true}
Element: [[ChromeDriver: chrome on windows (38e32a26867af5d1b3354c4f0579f145)] -> xpath: //input[contains(@class, 'dgwt-wcas-search-input')]]
Session ID: 38e32a26867af5d1b3354c4f0579f145
	at java.base/jdk.internal.reflect.DirectConstructorHandleAccessor.newInstance(DirectConstructorHandleAccessor.java:62)
	at java.base/java.lang.reflect.Constructor.newInstanceWithCaller(Constructor.java:501)
	at java.base/java.lang.reflect.Constructor.newInstance(Constructor.java:485)
	at org.openqa.selenium.remote.ErrorCodec.decode(ErrorCodec.java:167)
	at org.openqa.selenium.remote.codec.w3c.W3CHttpResponseCodec.decode(W3CHttpResponseCodec.java:138)
	at org.openqa.selenium.remote.codec.w3c.W3CHttpResponseCodec.decode(W3CHttpResponseCodec.java:50)
	at org.openqa.selenium.remote.HttpCommandExecutor.execute(HttpCommandExecutor.java:190)
	at org.openqa.selenium.remote.service.DriverCommandExecutor.invokeExecute(DriverCommandExecutor.java:216)
	at org.openqa.selenium.remote.service.DriverCommandExecutor.execute(DriverCommandExecutor.java:174)
	at org.openqa.selenium.remote.RemoteWebDriver.execute(RemoteWebDriver.java:518)
	at org.openqa.selenium.remote.RemoteWebElement.execute(RemoteWebElement.java:223)
	at org.openqa.selenium.remote.RemoteWebElement.clear(RemoteWebElement.java:129)
	at org.base.BaseClass.enterText(BaseClass.java:55)
	at org.pages.SearchPage.search(SearchPage.java:24)
	at org.stepdefinitions.SearchSteps.user_searches_for_a_valid_product(SearchSteps.java:21)
	at ✽.User searches for a valid product(file:///C:/Users/Lenovo/eclipse-workspace/12TasteEU/src/test/resources/FeatureFiles/04_Search.feature:5)
]]>
</failure>
<system-out><![CDATA[
Given User is on the search page............................................passed
When User searches for a valid product......................................failed
And User selects random one from Application Area...........................skipped
And User selects Best Selling from Default Sorting..........................skipped
And User selects random Dietary Certification filters.......................skipped
And User selects random Labels & Marks filters..............................skipped
And User applies the filters................................................skipped
Then User should see relevant search results................................skipped
]]></system-out>
</testcase>
<testcase classname="05_To Check then 1-2 taste Application Add to Cart Functionality" name="Add a product to the cart" time="28.156">
<system-out><![CDATA[
Given User navigate to the product listing page.............................passed
When User increase the quantity using the plus button.......................passed
And User click on the Add to Cart button....................................passed
Then User should see a confirmation message with the product name...........passed
And the product should be added to the cart.................................passed
]]></system-out>
</testcase>
<testcase classname="08_To Check the 1-2 Taste Application Password Reset Functionality" name="Verify user can  set a new password with lost your password option" time="183.139">
<failure type="org.openqa.selenium.TimeoutException" message="java.util.concurrent.TimeoutException
Build info: version: '4.21.0', revision: '79ed462ef4'
System info: os.name: 'Windows 11', os.arch: 'amd64', os.version: '10.0', java.version: '23.0.2'
Driver info: org.openqa.selenium.chrome.ChromeDriver
Command: [fd3a952362add4fe047a54404479cb53, clearElement {id=f.60359EBC3E1D80C4B36ADE4E752F1C48.d.2E71B314E9AE800506226AC6053D91A6.e.76}]
Capabilities {acceptInsecureCerts: false, browserName: chrome, browserVersion: 136.0.7103.114, chrome: {chromedriverVersion: 136.0.7103.113 (76fa3c17824..., userDataDir: C:\Users\Lenovo\AppData\Loc...}, fedcm:accounts: true, goog:chromeOptions: {debuggerAddress: localhost:53865}, networkConnectionEnabled: false, pageLoadStrategy: normal, platformName: windows, proxy: Proxy(), se:cdp: ws://localhost:53865/devtoo..., se:cdpVersion: 136.0.7103.114, setWindowRect: true, strictFileInteractability: false, timeouts: {implicit: 0, pageLoad: 300000, script: 30000}, unhandledPromptBehavior: dismiss and notify, webauthn:extension:credBlob: true, webauthn:extension:largeBlob: true, webauthn:extension:minPinLength: true, webauthn:extension:prf: true, webauthn:virtualAuthenticators: true}
Element: [[ChromeDriver: chrome on windows (fd3a952362add4fe047a54404479cb53)] -&gt; id: user_login]
Session ID: fd3a952362add4fe047a54404479cb53">
<![CDATA[org.openqa.selenium.TimeoutException: java.util.concurrent.TimeoutException
Build info: version: '4.21.0', revision: '79ed462ef4'
System info: os.name: 'Windows 11', os.arch: 'amd64', os.version: '10.0', java.version: '23.0.2'
Driver info: org.openqa.selenium.chrome.ChromeDriver
Command: [fd3a952362add4fe047a54404479cb53, clearElement {id=f.60359EBC3E1D80C4B36ADE4E752F1C48.d.2E71B314E9AE800506226AC6053D91A6.e.76}]
Capabilities {acceptInsecureCerts: false, browserName: chrome, browserVersion: 136.0.7103.114, chrome: {chromedriverVersion: 136.0.7103.113 (76fa3c17824..., userDataDir: C:\Users\Lenovo\AppData\Loc...}, fedcm:accounts: true, goog:chromeOptions: {debuggerAddress: localhost:53865}, networkConnectionEnabled: false, pageLoadStrategy: normal, platformName: windows, proxy: Proxy(), se:cdp: ws://localhost:53865/devtoo..., se:cdpVersion: 136.0.7103.114, setWindowRect: true, strictFileInteractability: false, timeouts: {implicit: 0, pageLoad: 300000, script: 30000}, unhandledPromptBehavior: dismiss and notify, webauthn:extension:credBlob: true, webauthn:extension:largeBlob: true, webauthn:extension:minPinLength: true, webauthn:extension:prf: true, webauthn:virtualAuthenticators: true}
Element: [[ChromeDriver: chrome on windows (fd3a952362add4fe047a54404479cb53)] -> id: user_login]
Session ID: fd3a952362add4fe047a54404479cb53
	at org.openqa.selenium.remote.http.jdk.JdkHttpClient.execute0(JdkHttpClient.java:399)
	at org.openqa.selenium.remote.http.AddSeleniumUserAgent.lambda$apply$0(AddSeleniumUserAgent.java:42)
	at org.openqa.selenium.remote.http.Filter.lambda$andFinally$1(Filter.java:55)
	at org.openqa.selenium.remote.http.jdk.JdkHttpClient.execute(JdkHttpClient.java:355)
	at org.openqa.selenium.remote.HttpCommandExecutor.execute(HttpCommandExecutor.java:187)
	at org.openqa.selenium.remote.service.DriverCommandExecutor.invokeExecute(DriverCommandExecutor.java:216)
	at org.openqa.selenium.remote.service.DriverCommandExecutor.execute(DriverCommandExecutor.java:174)
	at org.openqa.selenium.remote.RemoteWebDriver.execute(RemoteWebDriver.java:518)
	at org.openqa.selenium.remote.RemoteWebElement.execute(RemoteWebElement.java:223)
	at org.openqa.selenium.remote.RemoteWebElement.clear(RemoteWebElement.java:129)
	at org.base.BaseClass.enterText(BaseClass.java:55)
	at org.pages.LostPassword.enteremailforreset(LostPassword.java:23)
	at org.stepdefinitions.PasswordReset.the_user_enters_their_registered_email_in_the_reser_password_textbox(PasswordReset.java:33)
	at ✽.the user enters their registered email in the reser password textbox(file:///C:/Users/Lenovo/eclipse-workspace/12TasteEU/src/test/resources/FeatureFiles/08_PasswordReset.feature:6)
Caused by: java.util.concurrent.TimeoutException
	at java.base/java.util.concurrent.CompletableFuture.timedGet(CompletableFuture.java:2004)
	at java.base/java.util.concurrent.CompletableFuture.get(CompletableFuture.java:2139)
	at org.openqa.selenium.remote.http.jdk.JdkHttpClient.execute0(JdkHttpClient.java:382)
	at org.openqa.selenium.remote.http.AddSeleniumUserAgent.lambda$apply$0(AddSeleniumUserAgent.java:42)
	at org.openqa.selenium.remote.http.Filter.lambda$andFinally$1(Filter.java:55)
	at org.openqa.selenium.remote.http.jdk.JdkHttpClient.execute(JdkHttpClient.java:355)
	at org.openqa.selenium.remote.HttpCommandExecutor.execute(HttpCommandExecutor.java:187)
	at org.openqa.selenium.remote.service.DriverCommandExecutor.invokeExecute(DriverCommandExecutor.java:216)
	at org.openqa.selenium.remote.service.DriverCommandExecutor.execute(DriverCommandExecutor.java:174)
	at org.openqa.selenium.remote.RemoteWebDriver.execute(RemoteWebDriver.java:518)
	at org.openqa.selenium.remote.RemoteWebElement.execute(RemoteWebElement.java:223)
	at org.openqa.selenium.remote.RemoteWebElement.clear(RemoteWebElement.java:129)
	at org.base.BaseClass.enterText(BaseClass.java:55)
	at org.pages.LostPassword.enteremailforreset(LostPassword.java:23)
	at org.stepdefinitions.PasswordReset.the_user_enters_their_registered_email_in_the_reser_password_textbox(PasswordReset.java:33)
	at java.base/jdk.internal.reflect.DirectMethodHandleAccessor.invoke(DirectMethodHandleAccessor.java:103)
	at java.base/java.lang.reflect.Method.invoke(Method.java:580)
	at io.cucumber.java.Invoker.doInvoke(Invoker.java:66)
	at io.cucumber.java.Invoker.invoke(Invoker.java:24)
	at io.cucumber.java.AbstractGlueDefinition.invokeMethod(AbstractGlueDefinition.java:47)
	at io.cucumber.java.JavaStepDefinition.execute(JavaStepDefinition.java:29)
	at io.cucumber.core.runner.CoreStepDefinition.execute(CoreStepDefinition.java:66)
	at io.cucumber.core.runner.PickleStepDefinitionMatch.runStep(PickleStepDefinitionMatch.java:63)
	at io.cucumber.core.runner.ExecutionMode$1.execute(ExecutionMode.java:10)
	at io.cucumber.core.runner.TestStep.executeStep(TestStep.java:84)
	at io.cucumber.core.runner.TestStep.run(TestStep.java:56)
	at io.cucumber.core.runner.PickleStepTestStep.run(PickleStepTestStep.java:51)
	at io.cucumber.core.runner.TestCase.run(TestCase.java:84)
	at io.cucumber.core.runner.Runner.runPickle(Runner.java:75)
	at io.cucumber.junit.PickleRunners$NoStepDescriptions.lambda$run$0(PickleRunners.java:151)
	at io.cucumber.core.runtime.CucumberExecutionContext.lambda$runTestCase$5(CucumberExecutionContext.java:137)
	at io.cucumber.core.runtime.RethrowingThrowableCollector.executeAndThrow(RethrowingThrowableCollector.java:23)
	at io.cucumber.core.runtime.CucumberExecutionContext.runTestCase(CucumberExecutionContext.java:137)
	at io.cucumber.junit.PickleRunners$NoStepDescriptions.run(PickleRunners.java:148)
	at io.cucumber.junit.FeatureRunner.runChild(FeatureRunner.java:144)
	at io.cucumber.junit.FeatureRunner.runChild(FeatureRunner.java:28)
	at org.junit.runners.ParentRunner$4.run(ParentRunner.java:331)
	at org.junit.runners.ParentRunner$1.schedule(ParentRunner.java:79)
	at org.junit.runners.ParentRunner.runChildren(ParentRunner.java:329)
	at org.junit.runners.ParentRunner.access$100(ParentRunner.java:66)
	at org.junit.runners.ParentRunner$2.evaluate(ParentRunner.java:293)
	at org.junit.runners.ParentRunner$3.evaluate(ParentRunner.java:306)
	at org.junit.runners.ParentRunner.run(ParentRunner.java:413)
	at io.cucumber.junit.FeatureRunner.run(FeatureRunner.java:137)
	at io.cucumber.junit.Cucumber.runChild(Cucumber.java:196)
	at io.cucumber.junit.Cucumber.runChild(Cucumber.java:89)
	at org.junit.runners.ParentRunner$4.run(ParentRunner.java:331)
	at org.junit.runners.ParentRunner$1.schedule(ParentRunner.java:79)
	at org.junit.runners.ParentRunner.runChildren(ParentRunner.java:329)
	at org.junit.runners.ParentRunner.access$100(ParentRunner.java:66)
	at org.junit.runners.ParentRunner$2.evaluate(ParentRunner.java:293)
	at io.cucumber.core.runtime.CucumberExecutionContext.lambda$runFeatures$6(CucumberExecutionContext.java:148)
	at io.cucumber.core.runtime.CucumberExecutionContext.execute(CucumberExecutionContext.java:163)
	at io.cucumber.core.runtime.CucumberExecutionContext.runFeatures(CucumberExecutionContext.java:146)
	at io.cucumber.junit.Cucumber$StartAndFinishTestRun.evaluate(Cucumber.java:226)
	at org.junit.internal.runners.statements.RunAfters.evaluate(RunAfters.java:27)
	at org.junit.runners.ParentRunner$3.evaluate(ParentRunner.java:306)
	at org.junit.runners.ParentRunner.run(ParentRunner.java:413)
	at org.eclipse.jdt.internal.junit4.runner.JUnit4TestReference.run(JUnit4TestReference.java:93)
	at org.eclipse.jdt.internal.junit.runner.TestExecution.run(TestExecution.java:40)
	at org.eclipse.jdt.internal.junit.runner.RemoteTestRunner.runTests(RemoteTestRunner.java:530)
	at org.eclipse.jdt.internal.junit.runner.RemoteTestRunner.runTests(RemoteTestRunner.java:758)
	at org.eclipse.jdt.internal.junit.runner.RemoteTestRunner.run(RemoteTestRunner.java:453)
	at org.eclipse.jdt.internal.junit.runner.RemoteTestRunner.main(RemoteTestRunner.java:211)
]]>
</failure>
<system-out><![CDATA[
Given the user clicks on Lost your password?................................passed
When the user is redirected to the password reset page......................passed
And the user enters their registered email in the reser password textbox....failed
And the user clicks on the reset password button............................skipped
And the user should receive a password reset email..........................skipped
Then the user should see a success message..................................skipped
]]></system-out>
</testcase>
<testcase classname="09_To Check the 1-2 Taste Application Log Out Functionality" name="Verify user can log out with valid credentials" time="12.953">
<system-out><![CDATA[
Given the user logs into the application....................................passed
When the user clicks the center not username logout button..................passed
Then the user should be redirected to the login page........................passed
Given the user logs into the application again..............................passed
When the user clicks the side module logout button..........................passed
Then the user should be redirected to the again login page..................passed
]]></system-out>
</testcase>
<testcase classname="10_To Check the 1-2 Taste Application New Registartion Functionality" name="Verify user can Registartion with his details" time="4.082">
<failure type="org.openqa.selenium.ElementClickInterceptedException" message="element click intercepted: Element &lt;button type=&quot;submit&quot; class=&quot;btn btn-primary rounded-pill btn-lg w-100 woocommerce-Button woocommerce-button button woocommerce-form-register__submit&quot; name=&quot;register&quot; value=&quot;...&quot;&gt;Register&lt;/button&gt; is not clickable at point (1076, 671). Other element would receive the click: &lt;div class=&quot;form-group col-12 mb-0&quot;&gt;...&lt;/div&gt;
  (Session info: chrome=136.0.7103.114)
Build info: version: '4.21.0', revision: '79ed462ef4'
System info: os.name: 'Windows 11', os.arch: 'amd64', os.version: '10.0', java.version: '23.0.2'
Driver info: org.openqa.selenium.chrome.ChromeDriver
Command: [a71f6715e1310fbd191c96a999031b48, clickElement {id=f.508A1D380D7409198A3476DEC3CEC1B0.d.703C5A8514C1CBE6DE9F7D7CCF84278D.e.31}]
Capabilities {acceptInsecureCerts: false, browserName: chrome, browserVersion: 136.0.7103.114, chrome: {chromedriverVersion: 136.0.7103.113 (76fa3c17824..., userDataDir: C:\Users\Lenovo\AppData\Loc...}, fedcm:accounts: true, goog:chromeOptions: {debuggerAddress: localhost:54220}, networkConnectionEnabled: false, pageLoadStrategy: normal, platformName: windows, proxy: Proxy(), se:cdp: ws://localhost:54220/devtoo..., se:cdpVersion: 136.0.7103.114, setWindowRect: true, strictFileInteractability: false, timeouts: {implicit: 0, pageLoad: 300000, script: 30000}, unhandledPromptBehavior: dismiss and notify, webauthn:extension:credBlob: true, webauthn:extension:largeBlob: true, webauthn:extension:minPinLength: true, webauthn:extension:prf: true, webauthn:virtualAuthenticators: true}
Element: [[ChromeDriver: chrome on windows (a71f6715e1310fbd191c96a999031b48)] -&gt; name: register]
Session ID: a71f6715e1310fbd191c96a999031b48">
<![CDATA[org.openqa.selenium.ElementClickInterceptedException: element click intercepted: Element <button type="submit" class="btn btn-primary rounded-pill btn-lg w-100 woocommerce-Button woocommerce-button button woocommerce-form-register__submit" name="register" value="...">Register</button> is not clickable at point (1076, 671). Other element would receive the click: <div class="form-group col-12 mb-0">...</div>
  (Session info: chrome=136.0.7103.114)
Build info: version: '4.21.0', revision: '79ed462ef4'
System info: os.name: 'Windows 11', os.arch: 'amd64', os.version: '10.0', java.version: '23.0.2'
Driver info: org.openqa.selenium.chrome.ChromeDriver
Command: [a71f6715e1310fbd191c96a999031b48, clickElement {id=f.508A1D380D7409198A3476DEC3CEC1B0.d.703C5A8514C1CBE6DE9F7D7CCF84278D.e.31}]
Capabilities {acceptInsecureCerts: false, browserName: chrome, browserVersion: 136.0.7103.114, chrome: {chromedriverVersion: 136.0.7103.113 (76fa3c17824..., userDataDir: C:\Users\Lenovo\AppData\Loc...}, fedcm:accounts: true, goog:chromeOptions: {debuggerAddress: localhost:54220}, networkConnectionEnabled: false, pageLoadStrategy: normal, platformName: windows, proxy: Proxy(), se:cdp: ws://localhost:54220/devtoo..., se:cdpVersion: 136.0.7103.114, setWindowRect: true, strictFileInteractability: false, timeouts: {implicit: 0, pageLoad: 300000, script: 30000}, unhandledPromptBehavior: dismiss and notify, webauthn:extension:credBlob: true, webauthn:extension:largeBlob: true, webauthn:extension:minPinLength: true, webauthn:extension:prf: true, webauthn:virtualAuthenticators: true}
Element: [[ChromeDriver: chrome on windows (a71f6715e1310fbd191c96a999031b48)] -> name: register]
Session ID: a71f6715e1310fbd191c96a999031b48
	at java.base/jdk.internal.reflect.DirectConstructorHandleAccessor.newInstance(DirectConstructorHandleAccessor.java:62)
	at java.base/java.lang.reflect.Constructor.newInstanceWithCaller(Constructor.java:501)
	at java.base/java.lang.reflect.Constructor.newInstance(Constructor.java:485)
	at org.openqa.selenium.remote.ErrorCodec.decode(ErrorCodec.java:167)
	at org.openqa.selenium.remote.codec.w3c.W3CHttpResponseCodec.decode(W3CHttpResponseCodec.java:138)
	at org.openqa.selenium.remote.codec.w3c.W3CHttpResponseCodec.decode(W3CHttpResponseCodec.java:50)
	at org.openqa.selenium.remote.HttpCommandExecutor.execute(HttpCommandExecutor.java:190)
	at org.openqa.selenium.remote.service.DriverCommandExecutor.invokeExecute(DriverCommandExecutor.java:216)
	at org.openqa.selenium.remote.service.DriverCommandExecutor.execute(DriverCommandExecutor.java:174)
	at org.openqa.selenium.remote.RemoteWebDriver.execute(RemoteWebDriver.java:518)
	at org.openqa.selenium.remote.RemoteWebElement.execute(RemoteWebElement.java:223)
	at org.openqa.selenium.remote.RemoteWebElement.click(RemoteWebElement.java:76)
	at org.base.BaseClass.clickElement(BaseClass.java:50)
	at org.pages.RegisterNewUser.clickRegisterButton(RegisterNewUser.java:35)
	at org.stepdefinitions.RegistrationNewValid.the_user_clicks_the_register_button(RegistrationNewValid.java:40)
	at ✽.the user clicks the register button(file:///C:/Users/Lenovo/eclipse-workspace/12TasteEU/src/test/resources/FeatureFiles/10_Registration.feature:8)
]]>
</failure>
<system-out><![CDATA[
Given the user is on the registration page..................................passed
When the user enters as first name..........................................passed
And the user enters last name...............................................passed
And the user enters as email................................................passed
And the user clicks the register button.....................................failed
Then the user should be redirected to the confirmation page.................skipped
]]></system-out>
</testcase>
</testsuite>
