[{"line":1,"elements":[{"start_timestamp":"2025-05-26T12:58:21.722Z","line":3,"name":"Verify user can log in with valid credentials","description":"","id":"01-to-check-the-1-2-taste-eu-application-login-functionality;verify-user-can-log-in-with-valid-credentials","type":"scenario","keyword":"Scenario","steps":[{"result":{"duration":4211441600,"status":"passed"},"line":4,"name":"the user is on the login page","match":{"location":"org.stepdefinitions.LoginWithValid.the_user_is_on_the_login_page()"},"keyword":"Given "},{"result":{"duration":1371457600,"status":"passed"},"line":5,"name":"the user enters a valid email","match":{"location":"org.stepdefinitions.LoginWithValid.the_user_enters_a_valid_email()"},"keyword":"When "},{"result":{"duration":175528700,"status":"passed"},"line":6,"name":"the user enters a valid password","match":{"location":"org.stepdefinitions.LoginWithValid.the_user_enters_a_valid_password()"},"keyword":"And "},{"result":{"duration":4569784200,"status":"passed"},"line":7,"name":"the user clicks the login button","match":{"location":"org.stepdefinitions.LoginWithValid.the_user_clicks_the_login_button()"},"keyword":"And "},{"result":{"duration":24765200,"status":"passed"},"line":8,"name":"the user should be redirected to the dashboard","match":{"location":"org.stepdefinitions.LoginWithValid.the_user_should_be_redirected_to_the_dashboard()"},"keyword":"Then "}]}],"name":"01_To Check the 1-2 Taste EU Application Login Functionality","description":"","id":"01-to-check-the-1-2-taste-eu-application-login-functionality","keyword":"Feature","uri":"file:src/test/resources/FeatureFiles/01_Login.feature","tags":[]},{"line":1,"elements":[{"start_timestamp":"2025-05-26T12:58:32.097Z","line":3,"name":"User successfully updates account details","description":"","id":"02-to-check-the-1-2-taste-site-update-account-information-in-\"my-account\"-section;user-successfully-updates-account-details","type":"scenario","keyword":"Scenario","steps":[{"result":{"error_message":"org.openqa.selenium.ElementClickInterceptedException: element click intercepted: Element <a href=\"https://www.12taste.com/my-account/edit-account/\" class=\"nav-link\">...</a> is not clickable at point (275, 567). Other element would receive the click: <div class=\"cky-notice-group\">...</div>\n  (Session info: chrome=136.0.7103.114)\nBuild info: version: '4.21.0', revision: '79ed462ef4'\nSystem info: os.name: 'Windows 11', os.arch: 'amd64', os.version: '10.0', java.version: '23.0.2'\nDriver info: org.openqa.selenium.chrome.ChromeDriver\nCommand: [31d0d95fde5fa259a703deea3fca398c, clickElement {id=f.D53B0F8B44E0B3BD38BEBB692C848DAA.d.F41CA5BF08142E061BFD5A5B4D1F0E95.e.113}]\nCapabilities {acceptInsecureCerts: false, browserName: chrome, browserVersion: 136.0.7103.114, chrome: {chromedriverVersion: 136.0.7103.113 (76fa3c17824..., userDataDir: C:\\Users\\Lenovo\\AppData\\Loc...}, fedcm:accounts: true, goog:chromeOptions: {debuggerAddress: localhost:53338}, networkConnectionEnabled: false, pageLoadStrategy: normal, platformName: windows, proxy: Proxy(), se:cdp: ws://localhost:53338/devtoo..., se:cdpVersion: 136.0.7103.114, setWindowRect: true, strictFileInteractability: false, timeouts: {implicit: 0, pageLoad: 300000, script: 30000}, unhandledPromptBehavior: dismiss and notify, webauthn:extension:credBlob: true, webauthn:extension:largeBlob: true, webauthn:extension:minPinLength: true, webauthn:extension:prf: true, webauthn:virtualAuthenticators: true}\nElement: [[ChromeDriver: chrome on windows (31d0d95fde5fa259a703deea3fca398c)] -> xpath: //a[normalize-space()='Account details']]\nSession ID: 31d0d95fde5fa259a703deea3fca398c\r\n\tat java.base/jdk.internal.reflect.DirectConstructorHandleAccessor.newInstance(DirectConstructorHandleAccessor.java:62)\r\n\tat java.base/java.lang.reflect.Constructor.newInstanceWithCaller(Constructor.java:501)\r\n\tat java.base/java.lang.reflect.Constructor.newInstance(Constructor.java:485)\r\n\tat org.openqa.selenium.remote.ErrorCodec.decode(ErrorCodec.java:167)\r\n\tat org.openqa.selenium.remote.codec.w3c.W3CHttpResponseCodec.decode(W3CHttpResponseCodec.java:138)\r\n\tat org.openqa.selenium.remote.codec.w3c.W3CHttpResponseCodec.decode(W3CHttpResponseCodec.java:50)\r\n\tat org.openqa.selenium.remote.HttpCommandExecutor.execute(HttpCommandExecutor.java:190)\r\n\tat org.openqa.selenium.remote.service.DriverCommandExecutor.invokeExecute(DriverCommandExecutor.java:216)\r\n\tat org.openqa.selenium.remote.service.DriverCommandExecutor.execute(DriverCommandExecutor.java:174)\r\n\tat org.openqa.selenium.remote.RemoteWebDriver.execute(RemoteWebDriver.java:518)\r\n\tat org.openqa.selenium.remote.RemoteWebElement.execute(RemoteWebElement.java:223)\r\n\tat org.openqa.selenium.remote.RemoteWebElement.click(RemoteWebElement.java:76)\r\n\tat org.base.BaseClass.clickElement(BaseClass.java:50)\r\n\tat org.pages.Accountdetails.actdetailspage(Accountdetails.java:37)\r\n\tat org.stepdefinitions.AccountDetails.user_should_logged_in_to_the_application(AccountDetails.java:24)\r\n\tat ✽.User should logged in to the application(file:///C:/Users/Lenovo/eclipse-workspace/12TasteEU/src/test/resources/FeatureFiles/02_AccountDetails.feature:4)\r\n","duration":8203616900,"status":"failed"},"line":4,"name":"User should logged in to the application","match":{"location":"org.stepdefinitions.AccountDetails.user_should_logged_in_to_the_application()"},"keyword":"Given "},{"result":{"status":"skipped"},"line":5,"name":"User enter new data with first name,last name, display name, email address, new password, and confirm password","match":{"location":"org.stepdefinitions.AccountDetails.user_enter_new_data_with_first_name_last_name_display_name_email_address_new_password_and_confirm_pass()"},"keyword":"When "},{"result":{"status":"skipped"},"line":6,"name":"User click the save changes button","match":{"location":"org.stepdefinitions.AccountDetails.user_click_the_save_change_button()"},"keyword":"And "},{"result":{"duration":997300,"status":"skipped"},"line":7,"name":"User should see a success message saying","match":{"location":"org.stepdefinitions.AccountDetails.user_should_see_a_success_message_saying()"},"keyword":"Then "}]},{"start_timestamp":"2025-05-26T12:58:40.327Z","line":9,"name":"User fails to update account with mismatched passwords","description":"","id":"02-to-check-the-1-2-taste-site-update-account-information-in-\"my-account\"-section;user-fails-to-update-account-with-mismatched-passwords","type":"scenario","keyword":"Scenario","steps":[{"result":{"duration":8461082500,"status":"passed"},"line":10,"name":"User logged in to the application","match":{"location":"org.stepdefinitions.AccountDetails.user_logged_in_to_the_application()"},"keyword":"Given "},{"result":{"duration":561497200,"status":"passed"},"line":11,"name":"User enter new data with first name,last name, display name, mail address, new password, and confirm password","match":{"location":"org.stepdefinitions.AccountDetails.user_enter_new_data_with_first_name_last_name_display_name_email_address_new_pass_and_confirm_pass()"},"keyword":"When "},{"result":{"duration":1247147100,"status":"passed"},"line":12,"name":"User click the save changes button1","match":{"location":"org.stepdefinitions.AccountDetails.user_click_the_save_change1_button()"},"keyword":"And "},{"result":{"duration":22939000,"status":"passed"},"line":13,"name":"User should see an error message saying","match":{"location":"org.stepdefinitions.AccountDetails.user_should_see_an_error_message_saying()"},"keyword":"Then "}]},{"start_timestamp":"2025-05-26T12:58:50.629Z","line":15,"name":"User updates account without changing password","description":"","id":"02-to-check-the-1-2-taste-site-update-account-information-in-\"my-account\"-section;user-updates-account-without-changing-password","type":"scenario","keyword":"Scenario","steps":[{"result":{"duration":9268877800,"status":"passed"},"line":16,"name":"User log in to the application","match":{"location":"org.stepdefinitions.AccountDetails.user_login_to_the_application()"},"keyword":"Given "},{"result":{"duration":551322400,"status":"passed"},"line":17,"name":"User enter new data with first name,last name, display name, email address, new pass, and confirm pass","match":{"location":"org.stepdefinitions.AccountDetails.user_enter_new_data_with_first_name_last_name_display_name_mail_address_new_pass_and_confirm_pass()"},"keyword":"When "},{"result":{"duration":1716359800,"status":"passed"},"line":18,"name":"User click the save changes button2","match":{"location":"org.stepdefinitions.AccountDetails.user_click_the_save_change2_button()"},"keyword":"And "},{"result":{"duration":21942100,"status":"passed"},"line":19,"name":"User should see an error msg saying","match":{"location":"org.stepdefinitions.AccountDetails.user_should_see_an_error_msg_saying()"},"keyword":"Then "}]}],"name":"02_To Check the 1-2 Taste site Update account information in \"My Account\" section","description":"","id":"02-to-check-the-1-2-taste-site-update-account-information-in-\"my-account\"-section","keyword":"Feature","uri":"file:src/test/resources/FeatureFiles/02_AccountDetails.feature","tags":[]},{"line":1,"elements":[{"start_timestamp":"2025-05-26T12:59:02.194Z","line":3,"name":"Add/Edit a Billing address and ensure successful update","description":"","id":"03-address-management-for-billing-and-shipping;add/edit-a-billing-address-and-ensure-successful-update","type":"scenario","keyword":"Scenario","steps":[{"result":{"duration":6743508500,"status":"passed"},"line":4,"name":"User is logged in to the application and is redirected to the dashboard","match":{"location":"org.stepdefinitions.AddressManagementSteps.user_is_logged_in_to_the_application_and_is_redirected_to_the_dashboard()"},"keyword":"Given "},{"result":{"error_message":"org.openqa.selenium.ElementClickInterceptedException: element click intercepted: Element <a href=\"https://www.12taste.com/my-account/edit-address/\" class=\"nav-link\">...</a> is not clickable at point (275, 526). Other element would receive the click: <p>...</p>\n  (Session info: chrome=136.0.7103.114)\nBuild info: version: '4.21.0', revision: '79ed462ef4'\nSystem info: os.name: 'Windows 11', os.arch: 'amd64', os.version: '10.0', java.version: '23.0.2'\nDriver info: org.openqa.selenium.chrome.ChromeDriver\nCommand: [2f8e9132e397781a6962f786075d9223, clickElement {id=f.3128FBBDD7D79E7C0346DB14281DE8ED.d.894FD30DD63BFBED9230F8396DFA185C.e.110}]\nCapabilities {acceptInsecureCerts: false, browserName: chrome, browserVersion: 136.0.7103.114, chrome: {chromedriverVersion: 136.0.7103.113 (76fa3c17824..., userDataDir: C:\\Users\\Lenovo\\AppData\\Loc...}, fedcm:accounts: true, goog:chromeOptions: {debuggerAddress: localhost:53555}, networkConnectionEnabled: false, pageLoadStrategy: normal, platformName: windows, proxy: Proxy(), se:cdp: ws://localhost:53555/devtoo..., se:cdpVersion: 136.0.7103.114, setWindowRect: true, strictFileInteractability: false, timeouts: {implicit: 0, pageLoad: 300000, script: 30000}, unhandledPromptBehavior: dismiss and notify, webauthn:extension:credBlob: true, webauthn:extension:largeBlob: true, webauthn:extension:minPinLength: true, webauthn:extension:prf: true, webauthn:virtualAuthenticators: true}\nElement: [[ChromeDriver: chrome on windows (2f8e9132e397781a6962f786075d9223)] -> xpath: //*[@id=\"top-tab\"]/li[5]/a]\nSession ID: 2f8e9132e397781a6962f786075d9223\r\n\tat java.base/jdk.internal.reflect.DirectConstructorHandleAccessor.newInstance(DirectConstructorHandleAccessor.java:62)\r\n\tat java.base/java.lang.reflect.Constructor.newInstanceWithCaller(Constructor.java:501)\r\n\tat java.base/java.lang.reflect.Constructor.newInstance(Constructor.java:485)\r\n\tat org.openqa.selenium.remote.ErrorCodec.decode(ErrorCodec.java:167)\r\n\tat org.openqa.selenium.remote.codec.w3c.W3CHttpResponseCodec.decode(W3CHttpResponseCodec.java:138)\r\n\tat org.openqa.selenium.remote.codec.w3c.W3CHttpResponseCodec.decode(W3CHttpResponseCodec.java:50)\r\n\tat org.openqa.selenium.remote.HttpCommandExecutor.execute(HttpCommandExecutor.java:190)\r\n\tat org.openqa.selenium.remote.service.DriverCommandExecutor.invokeExecute(DriverCommandExecutor.java:216)\r\n\tat org.openqa.selenium.remote.service.DriverCommandExecutor.execute(DriverCommandExecutor.java:174)\r\n\tat org.openqa.selenium.remote.RemoteWebDriver.execute(RemoteWebDriver.java:518)\r\n\tat org.openqa.selenium.remote.RemoteWebElement.execute(RemoteWebElement.java:223)\r\n\tat org.openqa.selenium.remote.RemoteWebElement.click(RemoteWebElement.java:76)\r\n\tat org.base.BaseClass.clickElement(BaseClass.java:50)\r\n\tat org.pages.AddressManagementPage.clickaddress(AddressManagementPage.java:84)\r\n\tat org.stepdefinitions.AddressManagementSteps.user_navigates_to_the_billing_address_page(AddressManagementSteps.java:28)\r\n\tat ✽.User clicks on the Address menu and navigates to the Billing Address page(file:///C:/Users/Lenovo/eclipse-workspace/12TasteEU/src/test/resources/FeatureFiles/03_Address_Management.feature:5)\r\n","duration":1139535700,"status":"failed"},"line":5,"name":"User clicks on the Address menu and navigates to the Billing Address page","match":{"location":"org.stepdefinitions.AddressManagementSteps.user_navigates_to_the_billing_address_page()"},"keyword":"When "},{"result":{"status":"skipped"},"line":6,"name":"User fills in the Billing Address fields with valid data","match":{"location":"org.stepdefinitions.AddressManagementSteps.user_fills_in_the_billing_address_fields_with_valid_data()"},"keyword":"And "},{"result":{"status":"skipped"},"line":7,"name":"User clicks the Save Address button","match":{"location":"org.stepdefinitions.AddressManagementSteps.user_clicks_the_save_address_button()"},"keyword":"And "},{"result":{"status":"skipped"},"line":8,"name":"User should see a confirmation message.","match":{"location":"org.stepdefinitions.AddressManagementSteps.user_should_see_a_confirmation_message()"},"keyword":"Then "}]},{"start_timestamp":"2025-05-26T12:59:10.086Z","line":11,"name":"Add/Edit a Shipping address and ensure successful update","description":"","id":"03-address-management-for-billing-and-shipping;add/edit-a-shipping-address-and-ensure-successful-update","type":"scenario","keyword":"Scenario","steps":[{"result":{"duration":7501136400,"status":"passed"},"line":12,"name":"User is logged in to the application and is redirected to the dashboard","match":{"location":"org.stepdefinitions.AddressManagementSteps.user_is_logged_in_to_the_application_and_is_redirected_to_the_dashboard()"},"keyword":"Given "},{"result":{"duration":3615777500,"status":"passed"},"line":13,"name":"User clicks on the Address menu and navigates to the Shipping Address page","match":{"location":"org.stepdefinitions.AddressManagementSteps.user_navigates_to_the_shipping_address_page()"},"keyword":"When "},{"result":{"duration":612631900,"status":"passed"},"line":14,"name":"User fills in the Shipping Address fields with valid data","match":{"location":"org.stepdefinitions.AddressManagementSteps.user_fills_in_the_shipping_address_fields_with_valid_data()"},"keyword":"And "},{"result":{"duration":2217100700,"status":"passed"},"line":15,"name":"User clicks the Save Address button","match":{"location":"org.stepdefinitions.AddressManagementSteps.user_clicks_the_save_address_button()"},"keyword":"And "},{"result":{"duration":22967600,"status":"passed"},"line":16,"name":"User should see the confirmation message","match":{"location":"org.stepdefinitions.AddressManagementSteps.user_should_see_the_confirmation_message()"},"keyword":"Then "}]}],"name":"03_Address Management for Billing and Shipping","description":"","id":"03-address-management-for-billing-and-shipping","keyword":"Feature","uri":"file:src/test/resources/FeatureFiles/03_Address_Management.feature","tags":[]},{"line":1,"elements":[{"start_timestamp":"2025-05-26T12:59:24.062Z","line":3,"name":"Search for a valid product and apply random filters","description":"","id":"04-to-check-the-1-2-taste-application-search-functionality;search-for-a-valid-product-and-apply-random-filters","type":"scenario","keyword":"Scenario","steps":[{"result":{"duration":2207119700,"status":"passed"},"line":4,"name":"User is on the search page","match":{"location":"org.stepdefinitions.SearchSteps.user_is_on_the_search_page()"},"keyword":"Given "},{"result":{"error_message":"org.openqa.selenium.ElementNotInteractableException: element not interactable\n  (Session info: chrome=136.0.7103.114)\nBuild info: version: '4.21.0', revision: '79ed462ef4'\nSystem info: os.name: 'Windows 11', os.arch: 'amd64', os.version: '10.0', java.version: '23.0.2'\nDriver info: org.openqa.selenium.chrome.ChromeDriver\nCommand: [38e32a26867af5d1b3354c4f0579f145, clearElement {id=f.2A2F309B96AEE2EBD265311083EC7F3B.d.1A30011EA32BBC497EA2AE8C3F1800AA.e.4}]\nCapabilities {acceptInsecureCerts: false, browserName: chrome, browserVersion: 136.0.7103.114, chrome: {chromedriverVersion: 136.0.7103.113 (76fa3c17824..., userDataDir: C:\\Users\\Lenovo\\AppData\\Loc...}, fedcm:accounts: true, goog:chromeOptions: {debuggerAddress: localhost:53702}, networkConnectionEnabled: false, pageLoadStrategy: normal, platformName: windows, proxy: Proxy(), se:cdp: ws://localhost:53702/devtoo..., se:cdpVersion: 136.0.7103.114, setWindowRect: true, strictFileInteractability: false, timeouts: {implicit: 0, pageLoad: 300000, script: 30000}, unhandledPromptBehavior: dismiss and notify, webauthn:extension:credBlob: true, webauthn:extension:largeBlob: true, webauthn:extension:minPinLength: true, webauthn:extension:prf: true, webauthn:virtualAuthenticators: true}\nElement: [[ChromeDriver: chrome on windows (38e32a26867af5d1b3354c4f0579f145)] -> xpath: //input[contains(@class, 'dgwt-wcas-search-input')]]\nSession ID: 38e32a26867af5d1b3354c4f0579f145\r\n\tat java.base/jdk.internal.reflect.DirectConstructorHandleAccessor.newInstance(DirectConstructorHandleAccessor.java:62)\r\n\tat java.base/java.lang.reflect.Constructor.newInstanceWithCaller(Constructor.java:501)\r\n\tat java.base/java.lang.reflect.Constructor.newInstance(Constructor.java:485)\r\n\tat org.openqa.selenium.remote.ErrorCodec.decode(ErrorCodec.java:167)\r\n\tat org.openqa.selenium.remote.codec.w3c.W3CHttpResponseCodec.decode(W3CHttpResponseCodec.java:138)\r\n\tat org.openqa.selenium.remote.codec.w3c.W3CHttpResponseCodec.decode(W3CHttpResponseCodec.java:50)\r\n\tat org.openqa.selenium.remote.HttpCommandExecutor.execute(HttpCommandExecutor.java:190)\r\n\tat org.openqa.selenium.remote.service.DriverCommandExecutor.invokeExecute(DriverCommandExecutor.java:216)\r\n\tat org.openqa.selenium.remote.service.DriverCommandExecutor.execute(DriverCommandExecutor.java:174)\r\n\tat org.openqa.selenium.remote.RemoteWebDriver.execute(RemoteWebDriver.java:518)\r\n\tat org.openqa.selenium.remote.RemoteWebElement.execute(RemoteWebElement.java:223)\r\n\tat org.openqa.selenium.remote.RemoteWebElement.clear(RemoteWebElement.java:129)\r\n\tat org.base.BaseClass.enterText(BaseClass.java:55)\r\n\tat org.pages.SearchPage.search(SearchPage.java:24)\r\n\tat org.stepdefinitions.SearchSteps.user_searches_for_a_valid_product(SearchSteps.java:21)\r\n\tat ✽.User searches for a valid product(file:///C:/Users/Lenovo/eclipse-workspace/12TasteEU/src/test/resources/FeatureFiles/04_Search.feature:5)\r\n","duration":33902200,"status":"failed"},"line":5,"name":"User searches for a valid product","match":{"location":"org.stepdefinitions.SearchSteps.user_searches_for_a_valid_product()"},"keyword":"When "},{"result":{"status":"skipped"},"line":6,"name":"User selects random one from Application Area","match":{"location":"org.stepdefinitions.SearchSteps.user_selects_random_one_from_Application_Area()"},"keyword":"And "},{"result":{"status":"skipped"},"line":7,"name":"User selects Best Selling from Default Sorting","match":{"location":"org.stepdefinitions.SearchSteps.user_selects_Best_Selling_from_Default_Sorting()"},"keyword":"And "},{"result":{"status":"skipped"},"line":8,"name":"User selects random Dietary Certification filters","match":{"location":"org.stepdefinitions.SearchSteps.user_selects_random_Dietary_Certification_filters()"},"keyword":"And "},{"result":{"status":"skipped"},"line":9,"name":"User selects random Labels & Marks filters","match":{"location":"org.stepdefinitions.SearchSteps.user_selects_random_Labels_Marks_filters()"},"keyword":"And "},{"result":{"status":"skipped"},"line":10,"name":"User applies the filters","match":{"location":"org.stepdefinitions.SearchSteps.user_applies_the_filters()"},"keyword":"And "},{"result":{"status":"skipped"},"line":11,"name":"User should see relevant search results","match":{"location":"org.stepdefinitions.SearchSteps.user_should_see_relevant_search_results()"},"keyword":"Then "}]}],"name":"04_To Check the 1-2 Taste Application Search Functionality","description":"","id":"04-to-check-the-1-2-taste-application-search-functionality","keyword":"Feature","uri":"file:src/test/resources/FeatureFiles/04_Search.feature","tags":[]},{"line":1,"elements":[{"start_timestamp":"2025-05-26T12:59:26.314Z","line":3,"name":"Add a product to the cart","description":"","id":"05-to-check-then-1-2-taste-application-add-to-cart-functionality;add-a-product-to-the-cart","type":"scenario","keyword":"Scenario","steps":[{"result":{"duration":7456605700,"status":"passed"},"line":4,"name":"User navigate to the product listing page","match":{"location":"org.stepdefinitions.AddToCartRequestQuoteSteps.user_navigate_to_the_product_listing_page()"},"keyword":"Given "},{"result":{"duration":997500,"status":"passed"},"line":5,"name":"User increase the quantity using the plus button","match":{"location":"org.stepdefinitions.AddToCartRequestQuoteSteps.user_increase_the_quantity_using_the_plus_button()"},"keyword":"When "},{"result":{"duration":5208959700,"status":"passed"},"line":6,"name":"User click on the Add to Cart button","match":{"location":"org.stepdefinitions.AddToCartRequestQuoteSteps.user_click_on_the_Add_to_Cart_button()"},"keyword":"And "},{"result":{"duration":23928800,"status":"passed"},"line":7,"name":"User should see a confirmation message with the product name","match":{"location":"org.stepdefinitions.AddToCartRequestQuoteSteps.user_should_see_a_confirmation_message_with_the_product_name()"},"keyword":"Then "},{"result":{"duration":15462521900,"status":"passed"},"line":8,"name":"the product should be added to the cart","match":{"location":"org.stepdefinitions.AddToCartRequestQuoteSteps.the_product_should_be_added_to_the_cart()"},"keyword":"And "}]}],"name":"05_To Check then 1-2 taste Application Add to Cart Functionality","description":"","id":"05-to-check-then-1-2-taste-application-add-to-cart-functionality","keyword":"Feature","uri":"file:src/test/resources/FeatureFiles/05_AddToCart.feature","tags":[]},{"line":1,"elements":[{"start_timestamp":"2025-05-26T12:59:54.479Z","line":3,"name":"Verify user can  set a new password with lost your password option","description":"","id":"08-to-check-the-1-2-taste-application-password-reset-functionality;verify-user-can--set-a-new-password-with-lost-your-password-option","type":"scenario","keyword":"Scenario","steps":[{"result":{"duration":3090864600,"status":"passed"},"line":4,"name":"the user clicks on Lost your password?","match":{"location":"org.stepdefinitions.PasswordReset.the_user_clicks_on_Lost_your_password()"},"keyword":"Given "},{"result":{"duration":10970700,"status":"passed"},"line":5,"name":"the user is redirected to the password reset page","match":{"location":"org.stepdefinitions.PasswordReset.the_user_is_redirected_to_the_password_reset_page()"},"keyword":"When "},{"result":{"error_message":"org.openqa.selenium.TimeoutException: java.util.concurrent.TimeoutException\nBuild info: version: '4.21.0', revision: '79ed462ef4'\nSystem info: os.name: 'Windows 11', os.arch: 'amd64', os.version: '10.0', java.version: '23.0.2'\nDriver info: org.openqa.selenium.chrome.ChromeDriver\nCommand: [fd3a952362add4fe047a54404479cb53, clearElement {id=f.60359EBC3E1D80C4B36ADE4E752F1C48.d.2E71B314E9AE800506226AC6053D91A6.e.76}]\nCapabilities {acceptInsecureCerts: false, browserName: chrome, browserVersion: 136.0.7103.114, chrome: {chromedriverVersion: 136.0.7103.113 (76fa3c17824..., userDataDir: C:\\Users\\Lenovo\\AppData\\Loc...}, fedcm:accounts: true, goog:chromeOptions: {debuggerAddress: localhost:53865}, networkConnectionEnabled: false, pageLoadStrategy: normal, platformName: windows, proxy: Proxy(), se:cdp: ws://localhost:53865/devtoo..., se:cdpVersion: 136.0.7103.114, setWindowRect: true, strictFileInteractability: false, timeouts: {implicit: 0, pageLoad: 300000, script: 30000}, unhandledPromptBehavior: dismiss and notify, webauthn:extension:credBlob: true, webauthn:extension:largeBlob: true, webauthn:extension:minPinLength: true, webauthn:extension:prf: true, webauthn:virtualAuthenticators: true}\nElement: [[ChromeDriver: chrome on windows (fd3a952362add4fe047a54404479cb53)] -> id: user_login]\nSession ID: fd3a952362add4fe047a54404479cb53\r\n\tat org.openqa.selenium.remote.http.jdk.JdkHttpClient.execute0(JdkHttpClient.java:399)\r\n\tat org.openqa.selenium.remote.http.AddSeleniumUserAgent.lambda$apply$0(AddSeleniumUserAgent.java:42)\r\n\tat org.openqa.selenium.remote.http.Filter.lambda$andFinally$1(Filter.java:55)\r\n\tat org.openqa.selenium.remote.http.jdk.JdkHttpClient.execute(JdkHttpClient.java:355)\r\n\tat org.openqa.selenium.remote.HttpCommandExecutor.execute(HttpCommandExecutor.java:187)\r\n\tat org.openqa.selenium.remote.service.DriverCommandExecutor.invokeExecute(DriverCommandExecutor.java:216)\r\n\tat org.openqa.selenium.remote.service.DriverCommandExecutor.execute(DriverCommandExecutor.java:174)\r\n\tat org.openqa.selenium.remote.RemoteWebDriver.execute(RemoteWebDriver.java:518)\r\n\tat org.openqa.selenium.remote.RemoteWebElement.execute(RemoteWebElement.java:223)\r\n\tat org.openqa.selenium.remote.RemoteWebElement.clear(RemoteWebElement.java:129)\r\n\tat org.base.BaseClass.enterText(BaseClass.java:55)\r\n\tat org.pages.LostPassword.enteremailforreset(LostPassword.java:23)\r\n\tat org.stepdefinitions.PasswordReset.the_user_enters_their_registered_email_in_the_reser_password_textbox(PasswordReset.java:33)\r\n\tat ✽.the user enters their registered email in the reser password textbox(file:///C:/Users/Lenovo/eclipse-workspace/12TasteEU/src/test/resources/FeatureFiles/08_PasswordReset.feature:6)\r\nCaused by: java.util.concurrent.TimeoutException\r\n\tat java.base/java.util.concurrent.CompletableFuture.timedGet(CompletableFuture.java:2004)\r\n\tat java.base/java.util.concurrent.CompletableFuture.get(CompletableFuture.java:2139)\r\n\tat org.openqa.selenium.remote.http.jdk.JdkHttpClient.execute0(JdkHttpClient.java:382)\r\n\tat org.openqa.selenium.remote.http.AddSeleniumUserAgent.lambda$apply$0(AddSeleniumUserAgent.java:42)\r\n\tat org.openqa.selenium.remote.http.Filter.lambda$andFinally$1(Filter.java:55)\r\n\tat org.openqa.selenium.remote.http.jdk.JdkHttpClient.execute(JdkHttpClient.java:355)\r\n\tat org.openqa.selenium.remote.HttpCommandExecutor.execute(HttpCommandExecutor.java:187)\r\n\tat org.openqa.selenium.remote.service.DriverCommandExecutor.invokeExecute(DriverCommandExecutor.java:216)\r\n\tat org.openqa.selenium.remote.service.DriverCommandExecutor.execute(DriverCommandExecutor.java:174)\r\n\tat org.openqa.selenium.remote.RemoteWebDriver.execute(RemoteWebDriver.java:518)\r\n\tat org.openqa.selenium.remote.RemoteWebElement.execute(RemoteWebElement.java:223)\r\n\tat org.openqa.selenium.remote.RemoteWebElement.clear(RemoteWebElement.java:129)\r\n\tat org.base.BaseClass.enterText(BaseClass.java:55)\r\n\tat org.pages.LostPassword.enteremailforreset(LostPassword.java:23)\r\n\tat org.stepdefinitions.PasswordReset.the_user_enters_their_registered_email_in_the_reser_password_textbox(PasswordReset.java:33)\r\n\tat java.base/jdk.internal.reflect.DirectMethodHandleAccessor.invoke(DirectMethodHandleAccessor.java:103)\r\n\tat java.base/java.lang.reflect.Method.invoke(Method.java:580)\r\n\tat io.cucumber.java.Invoker.doInvoke(Invoker.java:66)\r\n\tat io.cucumber.java.Invoker.invoke(Invoker.java:24)\r\n\tat io.cucumber.java.AbstractGlueDefinition.invokeMethod(AbstractGlueDefinition.java:47)\r\n\tat io.cucumber.java.JavaStepDefinition.execute(JavaStepDefinition.java:29)\r\n\tat io.cucumber.core.runner.CoreStepDefinition.execute(CoreStepDefinition.java:66)\r\n\tat io.cucumber.core.runner.PickleStepDefinitionMatch.runStep(PickleStepDefinitionMatch.java:63)\r\n\tat io.cucumber.core.runner.ExecutionMode$1.execute(ExecutionMode.java:10)\r\n\tat io.cucumber.core.runner.TestStep.executeStep(TestStep.java:84)\r\n\tat io.cucumber.core.runner.TestStep.run(TestStep.java:56)\r\n\tat io.cucumber.core.runner.PickleStepTestStep.run(PickleStepTestStep.java:51)\r\n\tat io.cucumber.core.runner.TestCase.run(TestCase.java:84)\r\n\tat io.cucumber.core.runner.Runner.runPickle(Runner.java:75)\r\n\tat io.cucumber.junit.PickleRunners$NoStepDescriptions.lambda$run$0(PickleRunners.java:151)\r\n\tat io.cucumber.core.runtime.CucumberExecutionContext.lambda$runTestCase$5(CucumberExecutionContext.java:137)\r\n\tat io.cucumber.core.runtime.RethrowingThrowableCollector.executeAndThrow(RethrowingThrowableCollector.java:23)\r\n\tat io.cucumber.core.runtime.CucumberExecutionContext.runTestCase(CucumberExecutionContext.java:137)\r\n\tat io.cucumber.junit.PickleRunners$NoStepDescriptions.run(PickleRunners.java:148)\r\n\tat io.cucumber.junit.FeatureRunner.runChild(FeatureRunner.java:144)\r\n\tat io.cucumber.junit.FeatureRunner.runChild(FeatureRunner.java:28)\r\n\tat org.junit.runners.ParentRunner$4.run(ParentRunner.java:331)\r\n\tat org.junit.runners.ParentRunner$1.schedule(ParentRunner.java:79)\r\n\tat org.junit.runners.ParentRunner.runChildren(ParentRunner.java:329)\r\n\tat org.junit.runners.ParentRunner.access$100(ParentRunner.java:66)\r\n\tat org.junit.runners.ParentRunner$2.evaluate(ParentRunner.java:293)\r\n\tat org.junit.runners.ParentRunner$3.evaluate(ParentRunner.java:306)\r\n\tat org.junit.runners.ParentRunner.run(ParentRunner.java:413)\r\n\tat io.cucumber.junit.FeatureRunner.run(FeatureRunner.java:137)\r\n\tat io.cucumber.junit.Cucumber.runChild(Cucumber.java:196)\r\n\tat io.cucumber.junit.Cucumber.runChild(Cucumber.java:89)\r\n\tat org.junit.runners.ParentRunner$4.run(ParentRunner.java:331)\r\n\tat org.junit.runners.ParentRunner$1.schedule(ParentRunner.java:79)\r\n\tat org.junit.runners.ParentRunner.runChildren(ParentRunner.java:329)\r\n\tat org.junit.runners.ParentRunner.access$100(ParentRunner.java:66)\r\n\tat org.junit.runners.ParentRunner$2.evaluate(ParentRunner.java:293)\r\n\tat io.cucumber.core.runtime.CucumberExecutionContext.lambda$runFeatures$6(CucumberExecutionContext.java:148)\r\n\tat io.cucumber.core.runtime.CucumberExecutionContext.execute(CucumberExecutionContext.java:163)\r\n\tat io.cucumber.core.runtime.CucumberExecutionContext.runFeatures(CucumberExecutionContext.java:146)\r\n\tat io.cucumber.junit.Cucumber$StartAndFinishTestRun.evaluate(Cucumber.java:226)\r\n\tat org.junit.internal.runners.statements.RunAfters.evaluate(RunAfters.java:27)\r\n\tat org.junit.runners.ParentRunner$3.evaluate(ParentRunner.java:306)\r\n\tat org.junit.runners.ParentRunner.run(ParentRunner.java:413)\r\n\tat org.eclipse.jdt.internal.junit4.runner.JUnit4TestReference.run(JUnit4TestReference.java:93)\r\n\tat org.eclipse.jdt.internal.junit.runner.TestExecution.run(TestExecution.java:40)\r\n\tat org.eclipse.jdt.internal.junit.runner.RemoteTestRunner.runTests(RemoteTestRunner.java:530)\r\n\tat org.eclipse.jdt.internal.junit.runner.RemoteTestRunner.runTests(RemoteTestRunner.java:758)\r\n\tat org.eclipse.jdt.internal.junit.runner.RemoteTestRunner.run(RemoteTestRunner.java:453)\r\n\tat org.eclipse.jdt.internal.junit.runner.RemoteTestRunner.main(RemoteTestRunner.java:211)\r\n","duration":180030255500,"status":"failed"},"line":6,"name":"the user enters their registered email in the reser password textbox","match":{"location":"org.stepdefinitions.PasswordReset.the_user_enters_their_registered_email_in_the_reser_password_textbox()"},"keyword":"And "},{"result":{"status":"skipped"},"line":7,"name":"the user clicks on the reset password button","match":{"location":"org.stepdefinitions.PasswordReset.the_user_clicks_on_the_reset_password_button()"},"keyword":"And "},{"result":{"status":"skipped"},"line":8,"name":"the user should receive a password reset email","match":{"location":"org.stepdefinitions.PasswordReset.the_user_should_receive_a_password_reset_email()"},"keyword":"And "},{"result":{"status":"skipped"},"line":9,"name":"the user should see a success message","match":{"location":"org.stepdefinitions.PasswordReset.the_user_should_see_a_success_message()"},"keyword":"Then "}]}],"name":"08_To Check the 1-2 Taste Application Password Reset Functionality","description":"","id":"08-to-check-the-1-2-taste-application-password-reset-functionality","keyword":"Feature","uri":"file:src/test/resources/FeatureFiles/08_PasswordReset.feature","tags":[]},{"line":1,"elements":[{"start_timestamp":"2025-05-26T13:02:57.621Z","line":3,"name":"Verify user can log out with valid credentials","description":"","id":"09-to-check-the-1-2-taste-application-log-out-functionality;verify-user-can-log-out-with-valid-credentials","type":"scenario","keyword":"Scenario","steps":[{"result":{"duration":6676850900,"status":"passed"},"line":4,"name":"the user logs into the application","match":{"location":"org.stepdefinitions.LogOutSteps.the_user_logs_into_the_application()"},"keyword":"Given "},{"result":{"duration":1254716900,"status":"passed"},"line":5,"name":"the user clicks the center not username logout button","match":{"location":"org.stepdefinitions.LogOutSteps.the_user_clicks_the_center_not_username_logout_button()"},"keyword":"When "},{"result":{"duration":12966500,"status":"passed"},"line":6,"name":"the user should be redirected to the login page","match":{"location":"org.stepdefinitions.LogOutSteps.the_user_should_be_redirected_to_the_login_page()"},"keyword":"Then "},{"result":{"duration":3675869800,"status":"passed"},"line":7,"name":"the user logs into the application again","match":{"location":"org.stepdefinitions.LogOutSteps.the_user_logs_into_the_application_again()"},"keyword":"Given "},{"result":{"duration":1317386800,"status":"passed"},"line":8,"name":"the user clicks the side module logout button","match":{"location":"org.stepdefinitions.LogOutSteps.the_user_clicks_the_side_module_logout_button()"},"keyword":"When "},{"result":{"duration":11970700,"status":"passed"},"line":9,"name":"the user should be redirected to the again login page","match":{"location":"org.stepdefinitions.LogOutSteps.the_user_should_be_redirected_to_the_again_login_page()"},"keyword":"Then "}]}],"name":"09_To Check the 1-2 Taste Application Log Out Functionality","description":"","id":"09-to-check-the-1-2-taste-application-log-out-functionality","keyword":"Feature","uri":"file:src/test/resources/FeatureFiles/09_Logout.feature","tags":[]},{"line":1,"elements":[{"start_timestamp":"2025-05-26T13:03:10.583Z","line":3,"name":"Verify user can Registartion with his details","description":"","id":"10-to-check-the-1-2-taste-application-new-registartion-functionality;verify-user-can-registartion-with-his-details","type":"scenario","keyword":"Scenario","steps":[{"result":{"duration":1801015400,"status":"passed"},"line":4,"name":"the user is on the registration page","match":{"location":"org.stepdefinitions.RegistrationNewValid.the_user_is_on_the_registration_page()"},"keyword":"Given "},{"result":{"duration":826106300,"status":"passed"},"line":5,"name":"the user enters as first name","match":{"location":"org.stepdefinitions.RegistrationNewValid.the_user_enters_as_first_name()"},"keyword":"When "},{"result":{"duration":112699200,"status":"passed"},"line":6,"name":"the user enters last name","match":{"location":"org.stepdefinitions.RegistrationNewValid.the_user_enters_last_name()"},"keyword":"And "},{"result":{"duration":89758400,"status":"passed"},"line":7,"name":"the user enters as email","match":{"location":"org.stepdefinitions.RegistrationNewValid.the_user_enters_as_email()"},"keyword":"And "},{"result":{"error_message":"org.openqa.selenium.ElementClickInterceptedException: element click intercepted: Element <button type=\"submit\" class=\"btn btn-primary rounded-pill btn-lg w-100 woocommerce-Button woocommerce-button button woocommerce-form-register__submit\" name=\"register\" value=\"...\">Register</button> is not clickable at point (1076, 671). Other element would receive the click: <div class=\"form-group col-12 mb-0\">...</div>\n  (Session info: chrome=136.0.7103.114)\nBuild info: version: '4.21.0', revision: '79ed462ef4'\nSystem info: os.name: 'Windows 11', os.arch: 'amd64', os.version: '10.0', java.version: '23.0.2'\nDriver info: org.openqa.selenium.chrome.ChromeDriver\nCommand: [a71f6715e1310fbd191c96a999031b48, clickElement {id=f.508A1D380D7409198A3476DEC3CEC1B0.d.703C5A8514C1CBE6DE9F7D7CCF84278D.e.31}]\nCapabilities {acceptInsecureCerts: false, browserName: chrome, browserVersion: 136.0.7103.114, chrome: {chromedriverVersion: 136.0.7103.113 (76fa3c17824..., userDataDir: C:\\Users\\Lenovo\\AppData\\Loc...}, fedcm:accounts: true, goog:chromeOptions: {debuggerAddress: localhost:54220}, networkConnectionEnabled: false, pageLoadStrategy: normal, platformName: windows, proxy: Proxy(), se:cdp: ws://localhost:54220/devtoo..., se:cdpVersion: 136.0.7103.114, setWindowRect: true, strictFileInteractability: false, timeouts: {implicit: 0, pageLoad: 300000, script: 30000}, unhandledPromptBehavior: dismiss and notify, webauthn:extension:credBlob: true, webauthn:extension:largeBlob: true, webauthn:extension:minPinLength: true, webauthn:extension:prf: true, webauthn:virtualAuthenticators: true}\nElement: [[ChromeDriver: chrome on windows (a71f6715e1310fbd191c96a999031b48)] -> name: register]\nSession ID: a71f6715e1310fbd191c96a999031b48\r\n\tat java.base/jdk.internal.reflect.DirectConstructorHandleAccessor.newInstance(DirectConstructorHandleAccessor.java:62)\r\n\tat java.base/java.lang.reflect.Constructor.newInstanceWithCaller(Constructor.java:501)\r\n\tat java.base/java.lang.reflect.Constructor.newInstance(Constructor.java:485)\r\n\tat org.openqa.selenium.remote.ErrorCodec.decode(ErrorCodec.java:167)\r\n\tat org.openqa.selenium.remote.codec.w3c.W3CHttpResponseCodec.decode(W3CHttpResponseCodec.java:138)\r\n\tat org.openqa.selenium.remote.codec.w3c.W3CHttpResponseCodec.decode(W3CHttpResponseCodec.java:50)\r\n\tat org.openqa.selenium.remote.HttpCommandExecutor.execute(HttpCommandExecutor.java:190)\r\n\tat org.openqa.selenium.remote.service.DriverCommandExecutor.invokeExecute(DriverCommandExecutor.java:216)\r\n\tat org.openqa.selenium.remote.service.DriverCommandExecutor.execute(DriverCommandExecutor.java:174)\r\n\tat org.openqa.selenium.remote.RemoteWebDriver.execute(RemoteWebDriver.java:518)\r\n\tat org.openqa.selenium.remote.RemoteWebElement.execute(RemoteWebElement.java:223)\r\n\tat org.openqa.selenium.remote.RemoteWebElement.click(RemoteWebElement.java:76)\r\n\tat org.base.BaseClass.clickElement(BaseClass.java:50)\r\n\tat org.pages.RegisterNewUser.clickRegisterButton(RegisterNewUser.java:35)\r\n\tat org.stepdefinitions.RegistrationNewValid.the_user_clicks_the_register_button(RegistrationNewValid.java:40)\r\n\tat ✽.the user clicks the register button(file:///C:/Users/Lenovo/eclipse-workspace/12TasteEU/src/test/resources/FeatureFiles/10_Registration.feature:8)\r\n","duration":1247679000,"status":"failed"},"line":8,"name":"the user clicks the register button","match":{"location":"org.stepdefinitions.RegistrationNewValid.the_user_clicks_the_register_button()"},"keyword":"And "},{"result":{"status":"skipped"},"line":9,"name":"the user should be redirected to the confirmation page","match":{"location":"org.stepdefinitions.RegistrationNewValid.the_user_should_be_redirected_to_the_confirmation_page()"},"keyword":"Then "}]}],"name":"10_To Check the 1-2 Taste Application New Registartion Functionality","description":"","id":"10-to-check-the-1-2-taste-application-new-registartion-functionality","keyword":"Feature","uri":"file:src/test/resources/FeatureFiles/10_Registration.feature","tags":[]}]